[debug] [2025-06-01T21:25:21.467Z] ----------------------------------------------------------------------
[debug] [2025-06-01T21:25:21.472Z] Command:       /opt/homebrew/Cellar/node/23.11.0/bin/node /opt/homebrew/bin/firebase deploy
[debug] [2025-06-01T21:25:21.472Z] CLI Version:   14.4.0
[debug] [2025-06-01T21:25:21.472Z] Platform:      darwin
[debug] [2025-06-01T21:25:21.472Z] Node Version:  v23.11.0
[debug] [2025-06-01T21:25:21.472Z] Time:          Sun Jun 01 2025 17:25:21 GMT-0400 (Eastern Daylight Time)
[debug] [2025-06-01T21:25:21.472Z] ----------------------------------------------------------------------
[debug] 
[debug] [2025-06-01T21:25:21.473Z] >>> [apiv2][query] GET https://firebase-public.firebaseio.com/cli.json [none]
[debug] [2025-06-01T21:25:21.577Z] > command requires scopes: ["email","openid","https://www.googleapis.com/auth/cloudplatformprojects.readonly","https://www.googleapis.com/auth/firebase","https://www.googleapis.com/auth/cloud-platform"]
[debug] [2025-06-01T21:25:21.577Z] > authorizing via signed-in user (me@jason-bartz.com)
[debug] [2025-06-01T21:25:21.577Z] [iam] checking project gnf-app-9d7e3 for permissions ["cloudfunctions.functions.create","cloudfunctions.functions.delete","cloudfunctions.functions.get","cloudfunctions.functions.list","cloudfunctions.functions.update","cloudfunctions.operations.get","firebase.projects.get","firebasehosting.sites.update"]
[debug] [2025-06-01T21:25:21.577Z] Checked if tokens are valid: false, expires at: 1748411453469
[debug] [2025-06-01T21:25:21.577Z] Checked if tokens are valid: false, expires at: 1748411453469
[debug] [2025-06-01T21:25:21.578Z] > refreshing access token with scopes: []
[debug] [2025-06-01T21:25:21.578Z] >>> [apiv2][query] POST https://www.googleapis.com/oauth2/v3/token [none]
[debug] [2025-06-01T21:25:21.578Z] >>> [apiv2][body] POST https://www.googleapis.com/oauth2/v3/token [omitted]
[debug] [2025-06-01T21:25:21.782Z] <<< [apiv2][status] GET https://firebase-public.firebaseio.com/cli.json 200
[debug] [2025-06-01T21:25:21.782Z] <<< [apiv2][body] GET https://firebase-public.firebaseio.com/cli.json {"cloudBuildErrorAfter":1594252800000,"cloudBuildWarnAfter":1590019200000,"defaultNode10After":1594252800000,"minVersion":"3.0.5","node8DeploysDisabledAfter":1613390400000,"node8RuntimeDisabledAfter":1615809600000,"node8WarnAfter":1600128000000}
[debug] [2025-06-01T21:25:21.799Z] <<< [apiv2][status] POST https://www.googleapis.com/oauth2/v3/token 400
[debug] [2025-06-01T21:25:21.799Z] <<< [apiv2][body] POST https://www.googleapis.com/oauth2/v3/token [omitted]
[error] Authentication Error: Your credentials are no longer valid. Please run firebase login --reauth

For CI servers and headless environments, generate a new token with firebase login:ci
[error] Authentication Error: Your credentials are no longer valid. Please run firebase login --reauth

For CI servers and headless environments, generate a new token with firebase login:ci
[debug] [2025-06-01T21:25:21.799Z] [iam] error while checking permissions, command may fail: Authentication Error: Your credentials are no longer valid. Please run firebase login --reauth

For CI servers and headless environments, generate a new token with firebase login:ci
[debug] [2025-06-01T21:25:21.800Z] Checked if tokens are valid: false, expires at: 1748411453469
[debug] [2025-06-01T21:25:21.800Z] Checked if tokens are valid: false, expires at: 1748411453469
[debug] [2025-06-01T21:25:21.800Z] > refreshing access token with scopes: []
[debug] [2025-06-01T21:25:21.800Z] >>> [apiv2][query] POST https://www.googleapis.com/oauth2/v3/token [none]
[debug] [2025-06-01T21:25:21.800Z] >>> [apiv2][body] POST https://www.googleapis.com/oauth2/v3/token [omitted]
[debug] [2025-06-01T21:25:21.930Z] <<< [apiv2][status] POST https://www.googleapis.com/oauth2/v3/token 400
[debug] [2025-06-01T21:25:21.930Z] <<< [apiv2][body] POST https://www.googleapis.com/oauth2/v3/token [omitted]
[error] Authentication Error: Your credentials are no longer valid. Please run firebase login --reauth

For CI servers and headless environments, generate a new token with firebase login:ci
[error] Authentication Error: Your credentials are no longer valid. Please run firebase login --reauth

For CI servers and headless environments, generate a new token with firebase login:ci
[debug] [2025-06-01T21:25:21.931Z] [functions] service account IAM check errored, deploy may fail: Authentication Error: Your credentials are no longer valid. Please run firebase login --reauth

For CI servers and headless environments, generate a new token with firebase login:ci {"name":"FirebaseError","children":[],"exit":1,"message":"Authentication Error: Your credentials are no longer valid. Please run firebase login --reauth\n\nFor CI servers and headless environments, generate a new token with firebase login:ci","status":500}
[debug] [2025-06-01T21:25:21.931Z] Checked if tokens are valid: false, expires at: 1748411453469
[debug] [2025-06-01T21:25:21.931Z] Checked if tokens are valid: false, expires at: 1748411453469
[debug] [2025-06-01T21:25:21.931Z] > refreshing access token with scopes: []
[debug] [2025-06-01T21:25:21.932Z] >>> [apiv2][query] POST https://www.googleapis.com/oauth2/v3/token [none]
[debug] [2025-06-01T21:25:21.932Z] >>> [apiv2][body] POST https://www.googleapis.com/oauth2/v3/token [omitted]
[debug] [2025-06-01T21:25:22.049Z] <<< [apiv2][status] POST https://www.googleapis.com/oauth2/v3/token 400
[debug] [2025-06-01T21:25:22.049Z] <<< [apiv2][body] POST https://www.googleapis.com/oauth2/v3/token [omitted]
[error] Authentication Error: Your credentials are no longer valid. Please run firebase login --reauth

For CI servers and headless environments, generate a new token with firebase login:ci
[error] Authentication Error: Your credentials are no longer valid. Please run firebase login --reauth

For CI servers and headless environments, generate a new token with firebase login:ci
[debug] [2025-06-01T21:25:22.049Z] Authentication Error: Your credentials are no longer valid. Please run firebase login --reauth

For CI servers and headless environments, generate a new token with firebase login:ci
[error] 
[error] Error: Assertion failed: resolving hosting target of a site with no site name or target name. This should have caused an error earlier
